2024-05-29T01:09:41.9756141 500 : "{"timestamp":"2024-05-29T08:09:41.949+00:00","status":500,"error":"Internal Server Error","message":"502 Bad Gateway: \"error code: 502\"","path":"/platforms"}"
2024-05-29T01:09:41.9756141 An Exception occurred
java.lang.NullPointerException
	at java.base/java.util.Objects.requireNonNull(Objects.java:209)
	at java.base/java.util.Arrays$ArrayList.<init>(Arrays.java:4137)
	at java.base/java.util.Arrays.asList(Arrays.java:4122)
	at com.techelevator.gamebacklogclient.controller.GameController.searchForGame(GameController.java:37)
	at com.techelevator.gamebacklogclient.controller.BacklogAppController.showCollectionSubmenu(BacklogAppController.java:96)
	at com.techelevator.gamebacklogclient.controller.BacklogAppController.run(BacklogAppController.java:50)
	at com.techelevator.gamebacklogclient.Application.main(Application.java:17)
2024-05-29T01:11:07.8340938 500 : "{"timestamp":"2024-05-29T08:11:07.824+00:00","status":500,"error":"Internal Server Error","message":"502 Bad Gateway: \"error code: 502\"","path":"/genres"}"
2024-05-29T01:11:07.8360944 An Exception occurred
java.lang.NullPointerException
	at java.base/java.util.Objects.requireNonNull(Objects.java:209)
	at java.base/java.util.Arrays$ArrayList.<init>(Arrays.java:4137)
	at java.base/java.util.Arrays.asList(Arrays.java:4122)
	at com.techelevator.gamebacklogclient.controller.GameController.searchForGame(GameController.java:45)
	at com.techelevator.gamebacklogclient.controller.BacklogAppController.showCollectionSubmenu(BacklogAppController.java:96)
	at com.techelevator.gamebacklogclient.controller.BacklogAppController.run(BacklogAppController.java:50)
	at com.techelevator.gamebacklogclient.Application.main(Application.java:17)
