2024-05-25T14:04:02.351559 An Exception occurred
java.lang.IllegalArgumentException: Not enough variable values available to expand 'backlogId'
	at org.springframework.web.util.UriComponents$VarArgsTemplateVariables.getValue(UriComponents.java:370)
	at org.springframework.web.util.UriComponents.expandUriComponent(UriComponents.java:263)
	at org.springframework.web.util.HierarchicalUriComponents$PathSegmentComponent.expand(HierarchicalUriComponents.java:983)
	at org.springframework.web.util.HierarchicalUriComponents.expandInternal(HierarchicalUriComponents.java:440)
	at org.springframework.web.util.HierarchicalUriComponents.expandInternal(HierarchicalUriComponents.java:53)
	at org.springframework.web.util.UriComponents.expand(UriComponents.java:172)
	at org.springframework.web.util.DefaultUriBuilderFactory$DefaultUriBuilder.build(DefaultUriBuilderFactory.java:428)
	at org.springframework.web.util.DefaultUriBuilderFactory.expand(DefaultUriBuilderFactory.java:179)
	at org.springframework.web.client.RestTemplate.execute(RestTemplate.java:789)
	at org.springframework.web.client.RestTemplate.exchange(RestTemplate.java:672)
	at com.techelevator.gamebacklogclient.service.BacklogService.delete(BacklogService.java:65)
	at com.techelevator.gamebacklogclient.controller.BacklogController.removeGameFromBacklog(BacklogController.java:41)
	at com.techelevator.gamebacklogclient.controller.BacklogAppController.showBacklogSubmenu(BacklogAppController.java:134)
	at com.techelevator.gamebacklogclient.controller.BacklogAppController.run(BacklogAppController.java:52)
	at com.techelevator.gamebacklogclient.Application.main(Application.java:17)
2024-05-25T14:09:37.6341981 An Exception occurred
java.lang.IllegalArgumentException: Not enough variable values available to expand 'backlogId'
	at org.springframework.web.util.UriComponents$VarArgsTemplateVariables.getValue(UriComponents.java:370)
	at org.springframework.web.util.UriComponents.expandUriComponent(UriComponents.java:263)
	at org.springframework.web.util.HierarchicalUriComponents$PathSegmentComponent.expand(HierarchicalUriComponents.java:983)
	at org.springframework.web.util.HierarchicalUriComponents.expandInternal(HierarchicalUriComponents.java:440)
	at org.springframework.web.util.HierarchicalUriComponents.expandInternal(HierarchicalUriComponents.java:53)
	at org.springframework.web.util.UriComponents.expand(UriComponents.java:172)
	at org.springframework.web.util.DefaultUriBuilderFactory$DefaultUriBuilder.build(DefaultUriBuilderFactory.java:428)
	at org.springframework.web.util.DefaultUriBuilderFactory.expand(DefaultUriBuilderFactory.java:179)
	at org.springframework.web.client.RestTemplate.execute(RestTemplate.java:789)
	at org.springframework.web.client.RestTemplate.exchange(RestTemplate.java:672)
	at com.techelevator.gamebacklogclient.service.BacklogService.delete(BacklogService.java:65)
	at com.techelevator.gamebacklogclient.controller.BacklogController.removeGameFromBacklog(BacklogController.java:41)
	at com.techelevator.gamebacklogclient.controller.BacklogAppController.showBacklogSubmenu(BacklogAppController.java:134)
	at com.techelevator.gamebacklogclient.controller.BacklogAppController.run(BacklogAppController.java:52)
	at com.techelevator.gamebacklogclient.Application.main(Application.java:17)
2024-05-25T14:15:41.1831657 404 : "{"timestamp":"2024-05-25T21:15:41.172+00:00","status":404,"error":"Not Found","message":"No static resource 2/games52800.","path":"/2/games52800"}"
2024-05-25T14:17:08.5761379 404 : "{"timestamp":"2024-05-25T21:17:08.566+00:00","status":404,"error":"Not Found","message":"No static resource 2/games/52800.","path":"/2/games/52800"}"
2024-05-25T14:23:51.8337669 404 : "{"timestamp":"2024-05-25T21:23:51.831+00:00","status":404,"error":"Not Found","message":"No static resource 2/games/52800.","path":"/2/games/52800"}"
2024-05-25T14:25:10.367527 404 : "{"timestamp":"2024-05-25T21:25:10.349+00:00","status":404,"error":"Not Found","message":"No static resource 2/games/52800.","path":"/2/games/52800"}"
