2024-05-19T20:37:31.801384 500 : "{"timestamp":"2024-05-20T03:37:31.781+00:00","status":500,"error":"Internal Server Error","message":"PreparedStatementCallback; SQL [INSERT INTO collection_game (collection_id, game_id) VALUES (?, ?);]; ERROR: duplicate key value violates unique constraint \"collection_game_pkey\"\n  Detail: Key (collection_id, game_id)=(2, 5) already exists.","path":"/collections/2/games/5"}"
2024-05-19T20:40:21.7494692 500 : "{"timestamp":"2024-05-20T03:40:21.742+00:00","status":500,"error":"Internal Server Error","message":"PreparedStatementCallback; SQL [INSERT INTO collection_game (collection_id, game_id) VALUES (?, ?);]; ERROR: duplicate key value violates unique constraint \"collection_game_pkey\"\n  Detail: Key (collection_id, game_id)=(2, 5) already exists.","path":"/collections/2/games/5"}"
2024-05-19T21:50:30.4438401 401 : [no body]
2024-05-19T22:40:28.2046661 An Exception occurred
java.lang.NullPointerException: Cannot invoke "com.techelevator.gamebacklogclient.controller.CollectionController.getGamesInCollection()" because "this.collectionController" is null
	at com.techelevator.gamebacklogclient.controller.BacklogAdminController.run(BacklogAdminController.java:46)
	at com.techelevator.gamebacklogclient.Application.main(Application.java:17)
	at java.base/jdk.internal.reflect.NativeMethodAccessorImpl.invoke0(Native Method)
	at java.base/jdk.internal.reflect.NativeMethodAccessorImpl.invoke(NativeMethodAccessorImpl.java:77)
	at java.base/jdk.internal.reflect.DelegatingMethodAccessorImpl.invoke(DelegatingMethodAccessorImpl.java:43)
	at java.base/java.lang.reflect.Method.invoke(Method.java:568)
	at org.springframework.boot.devtools.restart.RestartLauncher.run(RestartLauncher.java:50)
2024-05-19T22:42:20.1272305 An Exception occurred
java.lang.NullPointerException: Cannot invoke "com.techelevator.gamebacklogclient.controller.CollectionController.getGamesInCollection()" because "this.collectionController" is null
	at com.techelevator.gamebacklogclient.controller.BacklogAdminController.run(BacklogAdminController.java:46)
	at com.techelevator.gamebacklogclient.Application.main(Application.java:17)
	at java.base/jdk.internal.reflect.NativeMethodAccessorImpl.invoke0(Native Method)
	at java.base/jdk.internal.reflect.NativeMethodAccessorImpl.invoke(NativeMethodAccessorImpl.java:77)
	at java.base/jdk.internal.reflect.DelegatingMethodAccessorImpl.invoke(DelegatingMethodAccessorImpl.java:43)
	at java.base/java.lang.reflect.Method.invoke(Method.java:568)
	at org.springframework.boot.devtools.restart.RestartLauncher.run(RestartLauncher.java:50)
2024-05-19T23:11:37.9874781 An Exception occurred
java.util.IllegalFormatConversionException: f != java.lang.String
	at java.base/java.util.Formatter$FormatSpecifier.failConversion(Formatter.java:4442)
	at java.base/java.util.Formatter$FormatSpecifier.printFloat(Formatter.java:2976)
	at java.base/java.util.Formatter$FormatSpecifier.print(Formatter.java:2924)
	at java.base/java.util.Formatter.format(Formatter.java:2689)
	at java.base/java.io.PrintStream.format(PrintStream.java:1209)
	at java.base/java.io.PrintStream.printf(PrintStream.java:1105)
	at com.techelevator.gamebacklogclient.View.displayGamesList(View.java:57)
	at com.techelevator.gamebacklogclient.controller.CollectionController.getGamesInCollection(CollectionController.java:30)
	at com.techelevator.gamebacklogclient.controller.BacklogAdminController.run(BacklogAdminController.java:50)
	at com.techelevator.gamebacklogclient.Application.main(Application.java:17)
	at java.base/jdk.internal.reflect.NativeMethodAccessorImpl.invoke0(Native Method)
	at java.base/jdk.internal.reflect.NativeMethodAccessorImpl.invoke(NativeMethodAccessorImpl.java:77)
	at java.base/jdk.internal.reflect.DelegatingMethodAccessorImpl.invoke(DelegatingMethodAccessorImpl.java:43)
	at java.base/java.lang.reflect.Method.invoke(Method.java:568)
	at org.springframework.boot.devtools.restart.RestartLauncher.run(RestartLauncher.java:50)
2024-05-19T23:15:53.42263 An Exception occurred
java.util.IllegalFormatConversionException: f != java.lang.String
	at java.base/java.util.Formatter$FormatSpecifier.failConversion(Formatter.java:4442)
	at java.base/java.util.Formatter$FormatSpecifier.printFloat(Formatter.java:2976)
	at java.base/java.util.Formatter$FormatSpecifier.print(Formatter.java:2924)
	at java.base/java.util.Formatter.format(Formatter.java:2689)
	at java.base/java.io.PrintStream.format(PrintStream.java:1209)
	at java.base/java.io.PrintStream.printf(PrintStream.java:1105)
	at com.techelevator.gamebacklogclient.View.displayGamesList(View.java:57)
	at com.techelevator.gamebacklogclient.controller.CollectionController.getGamesInCollection(CollectionController.java:30)
	at com.techelevator.gamebacklogclient.controller.BacklogAdminController.run(BacklogAdminController.java:50)
	at com.techelevator.gamebacklogclient.Application.main(Application.java:17)
	at java.base/jdk.internal.reflect.NativeMethodAccessorImpl.invoke0(Native Method)
	at java.base/jdk.internal.reflect.NativeMethodAccessorImpl.invoke(NativeMethodAccessorImpl.java:77)
	at java.base/jdk.internal.reflect.DelegatingMethodAccessorImpl.invoke(DelegatingMethodAccessorImpl.java:43)
	at java.base/java.lang.reflect.Method.invoke(Method.java:568)
	at org.springframework.boot.devtools.restart.RestartLauncher.run(RestartLauncher.java:50)
2024-05-19T23:19:15.2160141 An Exception occurred
java.util.IllegalFormatConversionException: f != java.lang.String
	at java.base/java.util.Formatter$FormatSpecifier.failConversion(Formatter.java:4442)
	at java.base/java.util.Formatter$FormatSpecifier.printFloat(Formatter.java:2976)
	at java.base/java.util.Formatter$FormatSpecifier.print(Formatter.java:2924)
	at java.base/java.util.Formatter.format(Formatter.java:2689)
	at java.base/java.io.PrintStream.format(PrintStream.java:1209)
	at java.base/java.io.PrintStream.printf(PrintStream.java:1105)
	at com.techelevator.gamebacklogclient.View.displayGamesList(View.java:57)
	at com.techelevator.gamebacklogclient.controller.CollectionController.getGamesInCollection(CollectionController.java:30)
	at com.techelevator.gamebacklogclient.controller.BacklogAdminController.run(BacklogAdminController.java:50)
	at com.techelevator.gamebacklogclient.Application.main(Application.java:17)
	at java.base/jdk.internal.reflect.NativeMethodAccessorImpl.invoke0(Native Method)
	at java.base/jdk.internal.reflect.NativeMethodAccessorImpl.invoke(NativeMethodAccessorImpl.java:77)
	at java.base/jdk.internal.reflect.DelegatingMethodAccessorImpl.invoke(DelegatingMethodAccessorImpl.java:43)
	at java.base/java.lang.reflect.Method.invoke(Method.java:568)
	at org.springframework.boot.devtools.restart.RestartLauncher.run(RestartLauncher.java:50)
2024-05-19T23:20:22.9125707 An Exception occurred
java.util.IllegalFormatConversionException: g != java.lang.String
	at java.base/java.util.Formatter$FormatSpecifier.failConversion(Formatter.java:4442)
	at java.base/java.util.Formatter$FormatSpecifier.printFloat(Formatter.java:2976)
	at java.base/java.util.Formatter$FormatSpecifier.print(Formatter.java:2924)
	at java.base/java.util.Formatter.format(Formatter.java:2689)
	at java.base/java.io.PrintStream.format(PrintStream.java:1209)
	at java.base/java.io.PrintStream.printf(PrintStream.java:1105)
	at com.techelevator.gamebacklogclient.View.displayGamesList(View.java:57)
	at com.techelevator.gamebacklogclient.controller.CollectionController.getGamesInCollection(CollectionController.java:30)
	at com.techelevator.gamebacklogclient.controller.BacklogAdminController.run(BacklogAdminController.java:50)
	at com.techelevator.gamebacklogclient.Application.main(Application.java:17)
	at java.base/jdk.internal.reflect.NativeMethodAccessorImpl.invoke0(Native Method)
	at java.base/jdk.internal.reflect.NativeMethodAccessorImpl.invoke(NativeMethodAccessorImpl.java:77)
	at java.base/jdk.internal.reflect.DelegatingMethodAccessorImpl.invoke(DelegatingMethodAccessorImpl.java:43)
	at java.base/java.lang.reflect.Method.invoke(Method.java:568)
	at org.springframework.boot.devtools.restart.RestartLauncher.run(RestartLauncher.java:50)
